0 info it worked if it ends with ok
1 verbose cli [ '/home/hc3/.nvm/versions/node/v6.4.0/bin/node',
1 verbose cli   '/home/hc3/.nvm/versions/node/v6.4.0/bin/npm',
1 verbose cli   'run',
1 verbose cli   'test-unit' ]
2 info using npm@3.10.3
3 info using node@v6.4.0
4 verbose run-script [ 'pretest-unit', 'test-unit', 'posttest-unit' ]
5 info lifecycle estudos-tdd-bdd@0.0.1~pretest-unit: estudos-tdd-bdd@0.0.1
6 silly lifecycle estudos-tdd-bdd@0.0.1~pretest-unit: no script for pretest-unit, continuing
7 info lifecycle estudos-tdd-bdd@0.0.1~test-unit: estudos-tdd-bdd@0.0.1
8 verbose lifecycle estudos-tdd-bdd@0.0.1~test-unit: unsafe-perm in lifecycle true
9 verbose lifecycle estudos-tdd-bdd@0.0.1~test-unit: PATH: /home/hc3/.nvm/versions/node/v6.4.0/lib/node_modules/npm/bin/node-gyp-bin:/media/hc3/ARQUIVOS/github/estudos-tdd-bdd/node_modules/.bin:/home/hc3/.nvm/versions/node/v6.4.0/bin:/home/hc3/.nvm/versions/node/v6.4.0/bin:/home/hc3/bin:/home/hc3/.local/bin:/usr/local/sbin:/usr/local/bin:/usr/sbin:/usr/bin:/sbin:/bin:/usr/games:/usr/local/games:/snap/bin
10 verbose lifecycle estudos-tdd-bdd@0.0.1~test-unit: CWD: /media/hc3/ARQUIVOS/github/estudos-tdd-bdd
11 silly lifecycle estudos-tdd-bdd@0.0.1~test-unit: Args: [ '-c', 'mocha --opts test/unit/mocha.opts test/unit/**/*.js' ]
12 silly lifecycle estudos-tdd-bdd@0.0.1~test-unit: Returned: code: 1  signal: null
13 info lifecycle estudos-tdd-bdd@0.0.1~test-unit: Failed to exec test-unit script
14 verbose stack Error: estudos-tdd-bdd@0.0.1 test-unit: `mocha --opts test/unit/mocha.opts test/unit/**/*.js`
14 verbose stack Exit status 1
14 verbose stack     at EventEmitter.<anonymous> (/home/hc3/.nvm/versions/node/v6.4.0/lib/node_modules/npm/lib/utils/lifecycle.js:242:16)
14 verbose stack     at emitTwo (events.js:106:13)
14 verbose stack     at EventEmitter.emit (events.js:191:7)
14 verbose stack     at ChildProcess.<anonymous> (/home/hc3/.nvm/versions/node/v6.4.0/lib/node_modules/npm/lib/utils/spawn.js:40:14)
14 verbose stack     at emitTwo (events.js:106:13)
14 verbose stack     at ChildProcess.emit (events.js:191:7)
14 verbose stack     at maybeClose (internal/child_process.js:852:16)
14 verbose stack     at Process.ChildProcess._handle.onexit (internal/child_process.js:215:5)
15 verbose pkgid estudos-tdd-bdd@0.0.1
16 verbose cwd /media/hc3/ARQUIVOS/github/estudos-tdd-bdd
17 error Linux 4.4.0-34-generic
18 error argv "/home/hc3/.nvm/versions/node/v6.4.0/bin/node" "/home/hc3/.nvm/versions/node/v6.4.0/bin/npm" "run" "test-unit"
19 error node v6.4.0
20 error npm  v3.10.3
21 error code ELIFECYCLE
22 error estudos-tdd-bdd@0.0.1 test-unit: `mocha --opts test/unit/mocha.opts test/unit/**/*.js`
22 error Exit status 1
23 error Failed at the estudos-tdd-bdd@0.0.1 test-unit script 'mocha --opts test/unit/mocha.opts test/unit/**/*.js'.
23 error Make sure you have the latest version of node.js and npm installed.
23 error If you do, this is most likely a problem with the estudos-tdd-bdd package,
23 error not with npm itself.
23 error Tell the author that this fails on your system:
23 error     mocha --opts test/unit/mocha.opts test/unit/**/*.js
23 error You can get information on how to open an issue for this project with:
23 error     npm bugs estudos-tdd-bdd
23 error Or if that isn't available, you can get their info via:
23 error     npm owner ls estudos-tdd-bdd
23 error There is likely additional logging output above.
24 verbose exit [ 1, true ]
